{
  "RSpec": {
    "coverage": {
      "/Users/amiraldean/Projects/ultimate_battle/spec/features/attack_spec.rb": [
        null,
        1,
        1,
        1,
        1,
        1,
        null,
        null,
        1,
        1,
        1,
        1,
        null,
        null
      ],
      "/Users/amiraldean/Projects/ultimate_battle/spec/features/battle_spec.rb": [
        1,
        1,
        1,
        1,
        null,
        null
      ],
      "/Users/amiraldean/Projects/ultimate_battle/spec/features/switching_turns_spec.rb": [
        1,
        1,
        1,
        1,
        1,
        1,
        1,
        null,
        null
      ],
      "/Users/amiraldean/Projects/ultimate_battle/spec/features/view_hp_spec.rb": [
        1,
        1,
        1,
        1,
        null,
        null
      ],
      "/Users/amiraldean/Projects/ultimate_battle/spec/features_spec.rb": [
        1,
        1,
        1,
        1,
        null,
        null,
        null,
        1,
        1,
        1,
        1,
        null,
        null,
        null,
        1,
        1,
        1,
        1,
        1,
        null,
        null,
        1,
        1,
        1,
        1,
        null,
        null
      ],
      "/Users/amiraldean/Projects/ultimate_battle/spec/game_spec.rb": [
        1,
        null,
        1,
        4,
        4,
        4,
        null,
        1,
        1,
        1,
        null,
        null,
        null,
        1,
        1,
        1,
        null,
        null,
        null,
        1,
        1,
        1,
        1,
        null,
        null,
        null,
        null
      ],
      "/Users/amiraldean/Projects/ultimate_battle/spec/player_spec.rb": [
        1,
        null,
        1,
        2,
        null,
        1,
        null,
        1,
        1,
        null,
        null,
        null
      ]
    },
    "timestamp": 1525430203
  }
}
